#! /usr/local/Cellar/icarus-verilog/10.2_1/bin/vvp
:ivl_version "10.2 (stable)" "(v10_2)";
:ivl_delay_selection "TYPICAL";
:vpi_time_precision + 0;
:vpi_module "system";
:vpi_module "vhdl_sys";
:vpi_module "v2005_math";
:vpi_module "va_math";
S_0x7fc5b5c064a0 .scope module, "AC" "AC" 2 2;
 .timescale 0 0;
    .port_info 0 /OUTPUT 16 "Q"
    .port_info 1 /INPUT 1 "INR"
    .port_info 2 /INPUT 16 "Data"
    .port_info 3 /INPUT 1 "LD"
    .port_info 4 /INPUT 1 "CLK"
    .port_info 5 /INPUT 1 "CLR"
o0x1046f1008 .functor BUFZ 1, C4<z>; HiZ drive
v0x7fc5b5c06600_0 .net "CLK", 0 0, o0x1046f1008;  0 drivers
o0x1046f1038 .functor BUFZ 1, C4<z>; HiZ drive
v0x7fc5b5c165a0_0 .net "CLR", 0 0, o0x1046f1038;  0 drivers
o0x1046f1068 .functor BUFZ 16, C4<zzzzzzzzzzzzzzzz>; HiZ drive
v0x7fc5b5c16640_0 .net "Data", 15 0, o0x1046f1068;  0 drivers
o0x1046f1098 .functor BUFZ 1, C4<z>; HiZ drive
v0x7fc5b5c166e0_0 .net "INR", 0 0, o0x1046f1098;  0 drivers
o0x1046f10c8 .functor BUFZ 1, C4<z>; HiZ drive
v0x7fc5b5c16780_0 .net "LD", 0 0, o0x1046f10c8;  0 drivers
v0x7fc5b5c16860_0 .var "Q", 15 0;
E_0x7fc5b5c03850 .event posedge, v0x7fc5b5c165a0_0, v0x7fc5b5c06600_0;
    .scope S_0x7fc5b5c064a0;
T_0 ;
    %wait E_0x7fc5b5c03850;
    %load/vec4 v0x7fc5b5c165a0_0;
    %flag_set/vec4 8;
    %jmp/0xz  T_0.0, 8;
    %pushi/vec4 0, 0, 16;
    %store/vec4 v0x7fc5b5c16860_0, 0, 16;
    %jmp T_0.1;
T_0.0 ;
    %load/vec4 v0x7fc5b5c16780_0;
    %flag_set/vec4 8;
    %jmp/0xz  T_0.2, 8;
    %load/vec4 v0x7fc5b5c16640_0;
    %store/vec4 v0x7fc5b5c16860_0, 0, 16;
T_0.2 ;
T_0.1 ;
    %jmp T_0;
    .thread T_0;
# The file index is used to find the file name in the following table.
:file_names 3;
    "N/A";
    "<interactive>";
    "AC.v";
