#! /usr/local/Cellar/icarus-verilog/10.2_1/bin/vvp
:ivl_version "10.2 (stable)" "(v10_2)";
:ivl_delay_selection "TYPICAL";
:vpi_time_precision + 0;
:vpi_module "system";
:vpi_module "vhdl_sys";
:vpi_module "v2005_math";
:vpi_module "va_math";
S_0x7fd432200200 .scope module, "AC_Control" "AC_Control" 2 1;
 .timescale 0 0;
    .port_info 0 /OUTPUT 1 "AND"
    .port_info 1 /OUTPUT 1 "SHR"
    .port_info 2 /OUTPUT 1 "SHL"
    .port_info 3 /OUTPUT 1 "COM"
    .port_info 4 /OUTPUT 1 "INPT"
    .port_info 5 /OUTPUT 1 "DR"
    .port_info 6 /OUTPUT 1 "ADD"
    .port_info 7 /OUTPUT 1 "Load"
    .port_info 8 /OUTPUT 1 "INR"
    .port_info 9 /OUTPUT 1 "CLR"
    .port_info 10 /INPUT 8 "T"
    .port_info 11 /INPUT 8 "D"
    .port_info 12 /INPUT 16 "B"
    .port_info 13 /INPUT 1 "I"
o0x10ea1d158 .functor BUFZ 1, C4<z>; HiZ drive
L_0x7fd431607ea0 .functor NOT 1, o0x10ea1d158, C4<0>, C4<0>, C4<0>;
L_0x7fd4316080a0 .functor AND 1, L_0x7fd431607f40, L_0x7fd431607fe0, C4<1>, C4<1>;
L_0x7fd431608390 .functor AND 1, L_0x7fd4316081d0, L_0x7fd4316082b0, C4<1>, C4<1>;
L_0x7fd431608610 .functor AND 1, L_0x7fd4316084a0, L_0x7fd431608570, C4<1>, C4<1>;
L_0x7fd431608820 .functor AND 1, L_0x7fd431608740, L_0x7fd431609230, C4<1>, C4<1>;
L_0x7fd4316089f0 .functor AND 1, L_0x7fd431608910, L_0x7fd431609230, C4<1>, C4<1>;
L_0x7fd431608bf0 .functor AND 1, L_0x7fd431608b00, L_0x7fd431609230, C4<1>, C4<1>;
L_0x7fd431608de0 .functor AND 1, L_0x7fd431608cc0, L_0x7fd431609230, C4<1>, C4<1>;
L_0x7fd431609050 .functor AND 1, L_0x7fd431608ed0, L_0x7fd431607ea0, C4<1>, C4<1>;
L_0x7fd431609230 .functor AND 1, L_0x7fd431609050, L_0x7fd431609110, C4<1>, C4<1>;
L_0x7fd4316093b0 .functor AND 1, L_0x7fd431609230, L_0x7fd4316092a0, C4<1>, C4<1>;
L_0x7fd431609540 .functor AND 1, L_0x7fd4316094a0, o0x10ea1d158, C4<1>, C4<1>;
L_0x7fd431609340 .functor AND 1, L_0x7fd431609540, L_0x7fd4316095f0, C4<1>, C4<1>;
L_0x7fd4316098c0 .functor AND 1, L_0x7fd431609820, L_0x7fd431609340, C4<1>, C4<1>;
L_0x7fd431609970 .functor OR 1, L_0x7fd4316080a0, L_0x7fd431608390, C4<0>, C4<0>;
L_0x7fd4316097b0 .functor OR 1, L_0x7fd431609970, L_0x7fd431608610, C4<0>, C4<0>;
L_0x7fd431609b60 .functor OR 1, L_0x7fd4316097b0, L_0x7fd431608820, C4<0>, C4<0>;
L_0x7fd431609ce0 .functor OR 1, L_0x7fd431609b60, L_0x7fd4316089f0, C4<0>, C4<0>;
L_0x7fd431609d50 .functor OR 1, L_0x7fd431609ce0, L_0x7fd431608bf0, C4<0>, C4<0>;
L_0x7fd431609ee0 .functor OR 1, L_0x7fd431609d50, L_0x7fd4316098c0, C4<0>, C4<0>;
v0x7fd432200530_0 .net "ADD", 0 0, L_0x7fd431608390;  1 drivers
v0x7fd431606140_0 .net "AND", 0 0, L_0x7fd4316080a0;  1 drivers
o0x10ea1d068 .functor BUFZ 16, C4<zzzzzzzzzzzzzzzz>; HiZ drive
v0x7fd4316061f0_0 .net "B", 15 0, o0x10ea1d068;  0 drivers
v0x7fd4316062a0_0 .net "CLR", 0 0, L_0x7fd4316093b0;  1 drivers
v0x7fd431606330_0 .net "COM", 0 0, L_0x7fd431608bf0;  1 drivers
o0x10ea1d0f8 .functor BUFZ 8, C4<zzzzzzzz>; HiZ drive
v0x7fd4316063c0_0 .net "D", 7 0, o0x10ea1d0f8;  0 drivers
v0x7fd431606470_0 .net "DR", 0 0, L_0x7fd431608610;  1 drivers
v0x7fd431606510_0 .net "I", 0 0, o0x10ea1d158;  0 drivers
v0x7fd4316065b0_0 .net "INPT", 0 0, L_0x7fd4316098c0;  1 drivers
v0x7fd4316066c0_0 .net "INR", 0 0, L_0x7fd431608de0;  1 drivers
v0x7fd431606750_0 .net "In", 0 0, L_0x7fd431607ea0;  1 drivers
v0x7fd4316067f0_0 .net "Load", 0 0, L_0x7fd431609ee0;  1 drivers
v0x7fd431606890_0 .net "SHL", 0 0, L_0x7fd431608820;  1 drivers
v0x7fd431606930_0 .net "SHR", 0 0, L_0x7fd4316089f0;  1 drivers
o0x10ea1d2a8 .functor BUFZ 8, C4<zzzzzzzz>; HiZ drive
v0x7fd4316069d0_0 .net "T", 7 0, o0x10ea1d2a8;  0 drivers
v0x7fd431606a80_0 .net *"_s11", 0 0, L_0x7fd4316082b0;  1 drivers
v0x7fd431606b30_0 .net *"_s15", 0 0, L_0x7fd4316084a0;  1 drivers
v0x7fd431606cc0_0 .net *"_s17", 0 0, L_0x7fd431608570;  1 drivers
v0x7fd431606d50_0 .net *"_s21", 0 0, L_0x7fd431608740;  1 drivers
v0x7fd431606e00_0 .net *"_s25", 0 0, L_0x7fd431608910;  1 drivers
v0x7fd431606eb0_0 .net *"_s29", 0 0, L_0x7fd431608b00;  1 drivers
v0x7fd431606f60_0 .net *"_s3", 0 0, L_0x7fd431607f40;  1 drivers
v0x7fd431607010_0 .net *"_s33", 0 0, L_0x7fd431608cc0;  1 drivers
v0x7fd4316070c0_0 .net *"_s37", 0 0, L_0x7fd431608ed0;  1 drivers
v0x7fd431607170_0 .net *"_s38", 0 0, L_0x7fd431609050;  1 drivers
v0x7fd431607220_0 .net *"_s41", 0 0, L_0x7fd431609110;  1 drivers
v0x7fd4316072d0_0 .net *"_s45", 0 0, L_0x7fd4316092a0;  1 drivers
v0x7fd431607380_0 .net *"_s49", 0 0, L_0x7fd4316094a0;  1 drivers
v0x7fd431607430_0 .net *"_s5", 0 0, L_0x7fd431607fe0;  1 drivers
v0x7fd4316074e0_0 .net *"_s50", 0 0, L_0x7fd431609540;  1 drivers
v0x7fd431607590_0 .net *"_s53", 0 0, L_0x7fd4316095f0;  1 drivers
v0x7fd431607640_0 .net *"_s57", 0 0, L_0x7fd431609820;  1 drivers
v0x7fd4316076f0_0 .net *"_s60", 0 0, L_0x7fd431609970;  1 drivers
v0x7fd431606be0_0 .net *"_s62", 0 0, L_0x7fd4316097b0;  1 drivers
v0x7fd431607980_0 .net *"_s64", 0 0, L_0x7fd431609b60;  1 drivers
v0x7fd431607a10_0 .net *"_s66", 0 0, L_0x7fd431609ce0;  1 drivers
v0x7fd431607ab0_0 .net *"_s68", 0 0, L_0x7fd431609d50;  1 drivers
v0x7fd431607b60_0 .net *"_s9", 0 0, L_0x7fd4316081d0;  1 drivers
v0x7fd431607c10_0 .net "a7", 0 0, L_0x7fd431609230;  1 drivers
v0x7fd431607cb0_0 .net "a9", 0 0, L_0x7fd431609340;  1 drivers
L_0x7fd431607f40 .part o0x10ea1d0f8, 0, 1;
L_0x7fd431607fe0 .part o0x10ea1d2a8, 5, 1;
L_0x7fd4316081d0 .part o0x10ea1d2a8, 5, 1;
L_0x7fd4316082b0 .part o0x10ea1d0f8, 1, 1;
L_0x7fd4316084a0 .part o0x10ea1d2a8, 5, 1;
L_0x7fd431608570 .part o0x10ea1d0f8, 2, 1;
L_0x7fd431608740 .part o0x10ea1d068, 6, 1;
L_0x7fd431608910 .part o0x10ea1d068, 7, 1;
L_0x7fd431608b00 .part o0x10ea1d068, 9, 1;
L_0x7fd431608cc0 .part o0x10ea1d068, 5, 1;
L_0x7fd431608ed0 .part o0x10ea1d0f8, 7, 1;
L_0x7fd431609110 .part o0x10ea1d2a8, 3, 1;
L_0x7fd4316092a0 .part o0x10ea1d068, 11, 1;
L_0x7fd4316094a0 .part o0x10ea1d0f8, 7, 1;
L_0x7fd4316095f0 .part o0x10ea1d2a8, 3, 1;
L_0x7fd431609820 .part o0x10ea1d068, 11, 1;
# The file index is used to find the file name in the following table.
:file_names 3;
    "N/A";
    "<interactive>";
    "./AC_Control.v";
