#! /usr/local/Cellar/icarus-verilog/10.2_1/bin/vvp
:ivl_version "10.2 (stable)" "(v10_2)";
:ivl_delay_selection "TYPICAL";
:vpi_time_precision + 0;
:vpi_module "system";
:vpi_module "vhdl_sys";
:vpi_module "v2005_math";
:vpi_module "va_math";
S_0x7fb3444060c0 .scope module, "SequenceCounter" "SequenceCounter" 2 1;
 .timescale 0 0;
    .port_info 0 /INPUT 1 "load"
    .port_info 1 /INPUT 1 "count"
    .port_info 2 /INPUT 3 "data"
    .port_info 3 /INPUT 1 "clk"
    .port_info 4 /OUTPUT 3 "out"
o0x10ac77008 .functor BUFZ 1, C4<z>; HiZ drive
v0x7fb344406220_0 .net "clk", 0 0, o0x10ac77008;  0 drivers
o0x10ac77038 .functor BUFZ 1, C4<z>; HiZ drive
v0x7fb3444161a0_0 .net "count", 0 0, o0x10ac77038;  0 drivers
o0x10ac77068 .functor BUFZ 3, C4<zzz>; HiZ drive
v0x7fb344416240_0 .net "data", 2 0, o0x10ac77068;  0 drivers
o0x10ac77098 .functor BUFZ 1, C4<z>; HiZ drive
v0x7fb3444162e0_0 .net "load", 0 0, o0x10ac77098;  0 drivers
v0x7fb344416380_0 .var "out", 2 0;
E_0x7fb344403eb0 .event posedge, v0x7fb344406220_0;
    .scope S_0x7fb3444060c0;
T_0 ;
    %wait E_0x7fb344403eb0;
    %load/vec4 v0x7fb3444162e0_0;
    %flag_set/vec4 8;
    %jmp/0xz  T_0.0, 8;
    %load/vec4 v0x7fb344416240_0;
    %store/vec4 v0x7fb344416380_0, 0, 3;
    %jmp T_0.1;
T_0.0 ;
    %load/vec4 v0x7fb3444161a0_0;
    %flag_set/vec4 8;
    %jmp/0xz  T_0.2, 8;
    %load/vec4 v0x7fb344416380_0;
    %addi 1, 0, 3;
    %store/vec4 v0x7fb344416380_0, 0, 3;
T_0.2 ;
T_0.1 ;
    %jmp T_0;
    .thread T_0;
# The file index is used to find the file name in the following table.
:file_names 3;
    "N/A";
    "<interactive>";
    "SequenceCounter.v";
